[DEBUG] 2023-08-10 22:07:07.009 [main] PackageRelationshipCollection - Parsing relationship: /xl/_rels/workbook.xml.rels
[DEBUG] 2023-08-10 22:07:07.018 [main] PackageRelationshipCollection - Parsing relationship: /xl/worksheets/_rels/sheet1.xml.rels
[DEBUG] 2023-08-10 22:07:07.019 [main] PackageRelationshipCollection - Parsing relationship: /_rels/.rels
[INFO ] 2023-08-10 22:07:08.937 [main] TestBase - Chrome browser launched successfully
[INFO ] 2023-08-10 22:07:26.583 [main] TestBase - closing browser
[INFO ] 2023-08-10 22:07:27.745 [main] TestBase - Chrome browser launched successfully
[INFO ] 2023-08-10 22:07:45.542 [main] TestBase - closing browser
[INFO ] 2023-08-10 22:07:46.930 [main] TestBase - Chrome browser launched successfully
[INFO ] 2023-08-10 22:08:01.322 [main] TestBase - closing browser
[INFO ] 2023-08-10 22:08:02.382 [main] TestBase - Chrome browser launched successfully
[INFO ] 2023-08-10 22:08:13.578 [main] TestBase - closing browser
[INFO ] 2023-08-10 22:08:14.608 [main] TestBase - Chrome browser launched successfully
[INFO ] 2023-08-10 22:08:37.058 [main] TestBase - closing browser
[DEBUG] 2023-08-10 22:10:27.030 [main] PackageRelationshipCollection - Parsing relationship: /xl/_rels/workbook.xml.rels
[DEBUG] 2023-08-10 22:10:27.034 [main] PackageRelationshipCollection - Parsing relationship: /xl/worksheets/_rels/sheet1.xml.rels
[DEBUG] 2023-08-10 22:10:27.036 [main] PackageRelationshipCollection - Parsing relationship: /_rels/.rels
[INFO ] 2023-08-10 22:10:29.168 [main] TestBase - Chrome browser launched successfully
[INFO ] 2023-08-10 22:10:43.339 [main] TestBase - form file are success
[INFO ] 2023-08-10 22:10:43.339 [main] TestBase - validate form fill success
[INFO ] 2023-08-10 22:10:43.518 [main] TestBase - closing browser
[INFO ] 2023-08-10 22:10:44.668 [main] TestBase - Chrome browser launched successfully
[INFO ] 2023-08-10 22:10:59.780 [main] TestBase - form file are success
[INFO ] 2023-08-10 22:10:59.780 [main] TestBase - validate form fill success
[INFO ] 2023-08-10 22:10:59.928 [main] TestBase - closing browser
[INFO ] 2023-08-10 22:11:00.729 [main] TestBase - Chrome browser launched successfully
[INFO ] 2023-08-10 22:11:22.591 [main] TestBase - form file are success
[INFO ] 2023-08-10 22:11:22.591 [main] TestBase - validate form fill success
[INFO ] 2023-08-10 22:11:22.721 [main] TestBase - closing browser
[INFO ] 2023-08-10 22:11:23.423 [main] TestBase - Chrome browser launched successfully
[INFO ] 2023-08-10 22:11:36.539 [main] TestBase - form file are success
[INFO ] 2023-08-10 22:11:36.539 [main] TestBase - validate form fill success
[INFO ] 2023-08-10 22:11:36.688 [main] TestBase - closing browser
[INFO ] 2023-08-10 22:11:37.631 [main] TestBase - Chrome browser launched successfully
[INFO ] 2023-08-10 22:12:03.927 [main] TestBase - form file are success
[INFO ] 2023-08-10 22:12:03.927 [main] TestBase - validate linktext success
[INFO ] 2023-08-10 22:12:04.089 [main] TestBase - closing browser
[DEBUG] 2023-08-10 22:19:42.860 [main] PackageRelationshipCollection - Parsing relationship: /xl/_rels/workbook.xml.rels
[DEBUG] 2023-08-10 22:19:42.865 [main] PackageRelationshipCollection - Parsing relationship: /xl/worksheets/_rels/sheet1.xml.rels
[DEBUG] 2023-08-10 22:19:42.867 [main] PackageRelationshipCollection - Parsing relationship: /_rels/.rels
[INFO ] 2023-08-10 22:19:44.874 [main] TestBase - Chrome browser launched successfully
[INFO ] 2023-08-10 22:20:15.339 [main] TestBase - form file are success
[INFO ] 2023-08-10 22:20:15.577 [main] TestBase - Screenshot taken successfully
[INFO ] 2023-08-10 22:20:15.578 [main] TestBase - validate form fill success
[INFO ] 2023-08-10 22:20:15.720 [main] TestBase - closing browser
[INFO ] 2023-08-10 22:20:16.393 [main] TestBase - Chrome browser launched successfully
[INFO ] 2023-08-10 22:20:47.167 [main] TestBase - form file are success
[INFO ] 2023-08-10 22:20:47.384 [main] TestBase - Screenshot taken successfully
[INFO ] 2023-08-10 22:20:47.385 [main] TestBase - validate form fill success
[INFO ] 2023-08-10 22:20:47.513 [main] TestBase - closing browser
[INFO ] 2023-08-10 22:20:48.193 [main] TestBase - Chrome browser launched successfully
[INFO ] 2023-08-10 22:21:12.799 [main] TestBase - form file are success
[INFO ] 2023-08-10 22:21:13.009 [main] TestBase - Screenshot taken successfully
[INFO ] 2023-08-10 22:21:13.009 [main] TestBase - validate form fill success
[INFO ] 2023-08-10 22:21:13.151 [main] TestBase - closing browser
[INFO ] 2023-08-10 22:21:14.238 [main] TestBase - Chrome browser launched successfully
[INFO ] 2023-08-10 22:21:28.332 [main] TestBase - form file are success
[INFO ] 2023-08-10 22:21:28.602 [main] TestBase - Screenshot taken successfully
[INFO ] 2023-08-10 22:21:28.602 [main] TestBase - validate form fill success
[INFO ] 2023-08-10 22:21:28.801 [main] TestBase - closing browser
[INFO ] 2023-08-10 22:21:29.996 [main] TestBase - Chrome browser launched successfully
[INFO ] 2023-08-10 22:21:48.835 [main] TestBase - form file are success
[INFO ] 2023-08-10 22:21:49.267 [main] TestBase - Screenshot taken successfully
[INFO ] 2023-08-10 22:21:49.268 [main] TestBase - validate linktext success
[INFO ] 2023-08-10 22:21:49.529 [main] TestBase - closing browser
[DEBUG] 2023-08-10 22:22:33.902 [main] PackageRelationshipCollection - Parsing relationship: /xl/_rels/workbook.xml.rels
[DEBUG] 2023-08-10 22:22:33.906 [main] PackageRelationshipCollection - Parsing relationship: /xl/worksheets/_rels/sheet1.xml.rels
[DEBUG] 2023-08-10 22:22:33.907 [main] PackageRelationshipCollection - Parsing relationship: /_rels/.rels
[INFO ] 2023-08-10 22:22:35.389 [main] TestBase - Chrome browser launched successfully
[INFO ] 2023-08-10 22:22:57.488 [main] TestBase - form file are success
[INFO ] 2023-08-10 22:22:57.488 [main] TestBase - validate form fill success
[INFO ] 2023-08-10 22:22:57.667 [main] TestBase - closing browser
[INFO ] 2023-08-10 22:22:58.532 [main] TestBase - Chrome browser launched successfully
[INFO ] 2023-08-10 22:23:10.677 [main] TestBase - form file are success
[INFO ] 2023-08-10 22:23:10.677 [main] TestBase - validate form fill success
[INFO ] 2023-08-10 22:23:10.815 [main] TestBase - closing browser
[INFO ] 2023-08-10 22:23:11.761 [main] TestBase - Chrome browser launched successfully
[INFO ] 2023-08-10 22:23:27.032 [main] TestBase - form file are success
[INFO ] 2023-08-10 22:23:27.033 [main] TestBase - validate form fill success
[INFO ] 2023-08-10 22:23:27.189 [main] TestBase - closing browser
[INFO ] 2023-08-10 22:23:28.031 [main] TestBase - Chrome browser launched successfully
[INFO ] 2023-08-10 22:23:48.850 [main] TestBase - form file are success
[INFO ] 2023-08-10 22:23:48.850 [main] TestBase - validate form fill success
[INFO ] 2023-08-10 22:23:49.007 [main] TestBase - closing browser
[INFO ] 2023-08-10 22:23:49.877 [main] TestBase - Chrome browser launched successfully
[INFO ] 2023-08-10 22:24:16.379 [main] TestBase - form file are success
[INFO ] 2023-08-10 22:24:16.379 [main] TestBase - validate linktext success
[INFO ] 2023-08-10 22:24:16.555 [main] TestBase - closing browser
[DEBUG] 2023-08-10 22:25:23.182 [main] PackageRelationshipCollection - Parsing relationship: /xl/_rels/workbook.xml.rels
[DEBUG] 2023-08-10 22:25:23.187 [main] PackageRelationshipCollection - Parsing relationship: /xl/worksheets/_rels/sheet1.xml.rels
[DEBUG] 2023-08-10 22:25:23.188 [main] PackageRelationshipCollection - Parsing relationship: /_rels/.rels
[INFO ] 2023-08-10 22:25:24.797 [main] TestBase - Chrome browser launched successfully
[INFO ] 2023-08-10 22:25:42.027 [main] TestBase - form file are success
[INFO ] 2023-08-10 22:25:42.028 [main] TestBase - validate form fill success
[INFO ] 2023-08-10 22:25:42.179 [main] TestBase - closing browser
[INFO ] 2023-08-10 22:25:43.010 [main] TestBase - Chrome browser launched successfully
[INFO ] 2023-08-10 22:26:15.368 [main] TestBase - form file are success
[INFO ] 2023-08-10 22:26:15.368 [main] TestBase - validate form fill success
[INFO ] 2023-08-10 22:26:15.570 [main] TestBase - closing browser
[INFO ] 2023-08-10 22:26:16.818 [main] TestBase - Chrome browser launched successfully
[INFO ] 2023-08-10 22:26:38.835 [main] TestBase - form file are success
[INFO ] 2023-08-10 22:26:38.835 [main] TestBase - validate form fill success
[INFO ] 2023-08-10 22:26:39.036 [main] TestBase - closing browser
[INFO ] 2023-08-10 22:26:40.246 [main] TestBase - Chrome browser launched successfully
[INFO ] 2023-08-10 22:27:05.138 [main] TestBase - form file are success
[INFO ] 2023-08-10 22:27:05.138 [main] TestBase - validate form fill success
[INFO ] 2023-08-10 22:27:05.283 [main] TestBase - closing browser
[INFO ] 2023-08-10 22:27:06.138 [main] TestBase - Chrome browser launched successfully
[INFO ] 2023-08-10 22:27:33.647 [main] TestBase - form file are success
[INFO ] 2023-08-10 22:27:33.647 [main] TestBase - validate linktext success
[INFO ] 2023-08-10 22:27:33.865 [main] TestBase - closing browser
[DEBUG] 2023-08-10 22:28:32.624 [main] PackageRelationshipCollection - Parsing relationship: /xl/_rels/workbook.xml.rels
[DEBUG] 2023-08-10 22:28:32.628 [main] PackageRelationshipCollection - Parsing relationship: /xl/worksheets/_rels/sheet1.xml.rels
[DEBUG] 2023-08-10 22:28:32.629 [main] PackageRelationshipCollection - Parsing relationship: /_rels/.rels
[INFO ] 2023-08-10 22:28:34.543 [main] TestBase - Chrome browser launched successfully
[INFO ] 2023-08-10 22:28:53.158 [main] TestBase - form file are success
[INFO ] 2023-08-10 22:28:53.496 [main] TestBase - Screenshot taken successfully
[INFO ] 2023-08-10 22:28:53.496 [main] TestBase - validate form fill success
[INFO ] 2023-08-10 22:28:53.685 [main] TestBase - closing browser
[INFO ] 2023-08-10 22:28:54.842 [main] TestBase - Chrome browser launched successfully
[INFO ] 2023-08-10 22:29:09.867 [main] TestBase - form file are success
[INFO ] 2023-08-10 22:29:10.085 [main] TestBase - Screenshot taken successfully
[INFO ] 2023-08-10 22:29:10.085 [main] TestBase - validate form fill success
[INFO ] 2023-08-10 22:29:10.283 [main] TestBase - closing browser
[INFO ] 2023-08-10 22:29:11.319 [main] TestBase - Chrome browser launched successfully
[INFO ] 2023-08-10 22:29:26.927 [main] TestBase - form file are success
[INFO ] 2023-08-10 22:29:27.155 [main] TestBase - Screenshot taken successfully
[INFO ] 2023-08-10 22:29:27.155 [main] TestBase - validate form fill success
[INFO ] 2023-08-10 22:29:27.334 [main] TestBase - closing browser
[INFO ] 2023-08-10 22:29:28.473 [main] TestBase - Chrome browser launched successfully
[INFO ] 2023-08-10 22:29:49.028 [main] TestBase - form file are success
[INFO ] 2023-08-10 22:29:49.249 [main] TestBase - Screenshot taken successfully
[INFO ] 2023-08-10 22:29:49.249 [main] TestBase - validate form fill success
[INFO ] 2023-08-10 22:29:49.404 [main] TestBase - closing browser
[INFO ] 2023-08-10 22:29:50.446 [main] TestBase - Chrome browser launched successfully
[INFO ] 2023-08-10 22:30:13.757 [main] TestBase - form file are success
[INFO ] 2023-08-10 22:30:14.075 [main] TestBase - Screenshot taken successfully
[INFO ] 2023-08-10 22:30:14.075 [main] TestBase - validate linktext success
[INFO ] 2023-08-10 22:30:14.259 [main] TestBase - closing browser
[DEBUG] 2023-08-16 21:36:19.796 [main] PackageRelationshipCollection - Parsing relationship: /xl/_rels/workbook.xml.rels
[DEBUG] 2023-08-16 21:36:19.802 [main] PackageRelationshipCollection - Parsing relationship: /xl/worksheets/_rels/sheet1.xml.rels
[DEBUG] 2023-08-16 21:36:19.803 [main] PackageRelationshipCollection - Parsing relationship: /_rels/.rels
[INFO ] 2023-08-16 21:36:22.772 [main] TestBase - Chrome browser launched successfully
[INFO ] 2023-08-16 21:36:32.025 [main] TestBase - form file are success
[INFO ] 2023-08-16 21:36:32.345 [main] TestBase - Screenshot taken successfully
[INFO ] 2023-08-16 21:36:32.346 [main] TestBase - validate form fill success
[INFO ] 2023-08-16 21:36:32.523 [main] TestBase - closing browser
[INFO ] 2023-08-16 21:36:35.301 [main] TestBase - Chrome browser launched successfully
[INFO ] 2023-08-16 21:36:43.974 [main] TestBase - form file are success
[INFO ] 2023-08-16 21:36:44.234 [main] TestBase - Screenshot taken successfully
[INFO ] 2023-08-16 21:36:44.235 [main] TestBase - validate form fill success
[INFO ] 2023-08-16 21:36:44.390 [main] TestBase - closing browser
[INFO ] 2023-08-16 21:36:46.091 [main] TestBase - Chrome browser launched successfully
[INFO ] 2023-08-16 21:36:55.093 [main] TestBase - form file are success
[INFO ] 2023-08-16 21:36:55.374 [main] TestBase - Screenshot taken successfully
[INFO ] 2023-08-16 21:36:55.374 [main] TestBase - validate form fill success
[INFO ] 2023-08-16 21:36:55.530 [main] TestBase - closing browser
[INFO ] 2023-08-16 21:36:57.557 [main] TestBase - Chrome browser launched successfully
[INFO ] 2023-08-16 21:37:07.259 [main] TestBase - form file are success
[INFO ] 2023-08-16 21:37:07.565 [main] TestBase - Screenshot taken successfully
[INFO ] 2023-08-16 21:37:07.565 [main] TestBase - validate form fill success
[INFO ] 2023-08-16 21:37:07.748 [main] TestBase - closing browser
[INFO ] 2023-08-16 21:37:09.750 [main] TestBase - Chrome browser launched successfully
[INFO ] 2023-08-16 21:37:14.321 [main] TestBase - form file are success
[INFO ] 2023-08-16 21:37:15.913 [main] TestBase - Screenshot taken successfully
[INFO ] 2023-08-16 21:37:15.913 [main] TestBase - validate linktext success
[INFO ] 2023-08-16 21:37:16.103 [main] TestBase - closing browser
[DEBUG] 2023-08-16 21:40:34.021 [main] PackageRelationshipCollection - Parsing relationship: /xl/_rels/workbook.xml.rels
[DEBUG] 2023-08-16 21:40:34.030 [main] PackageRelationshipCollection - Parsing relationship: /xl/worksheets/_rels/sheet1.xml.rels
[DEBUG] 2023-08-16 21:40:34.032 [main] PackageRelationshipCollection - Parsing relationship: /_rels/.rels
[INFO ] 2023-08-16 21:40:38.011 [main] TestBase - Chrome browser launched successfully
[INFO ] 2023-08-16 21:40:47.214 [main] TestBase - form file are success
[INFO ] 2023-08-16 21:40:47.554 [main] TestBase - Screenshot taken successfully
[INFO ] 2023-08-16 21:40:47.554 [main] TestBase - validate form fill success
[INFO ] 2023-08-16 21:40:47.767 [main] TestBase - closing browser
[INFO ] 2023-08-16 21:40:49.965 [main] TestBase - Chrome browser launched successfully
[INFO ] 2023-08-16 21:40:59.081 [main] TestBase - form file are success
[INFO ] 2023-08-16 21:40:59.425 [main] TestBase - Screenshot taken successfully
[INFO ] 2023-08-16 21:40:59.425 [main] TestBase - validate form fill success
[INFO ] 2023-08-16 21:40:59.612 [main] TestBase - closing browser
[INFO ] 2023-08-16 21:41:01.848 [main] TestBase - Chrome browser launched successfully
[INFO ] 2023-08-16 21:41:11.274 [main] TestBase - form file are success
[INFO ] 2023-08-16 21:41:11.601 [main] TestBase - Screenshot taken successfully
[INFO ] 2023-08-16 21:41:11.601 [main] TestBase - validate form fill success
[INFO ] 2023-08-16 21:41:11.798 [main] TestBase - closing browser
[INFO ] 2023-08-16 21:41:13.838 [main] TestBase - Chrome browser launched successfully
[INFO ] 2023-08-16 21:41:23.365 [main] TestBase - form file are success
[INFO ] 2023-08-16 21:41:23.645 [main] TestBase - Screenshot taken successfully
[INFO ] 2023-08-16 21:41:23.645 [main] TestBase - validate form fill success
[INFO ] 2023-08-16 21:41:23.791 [main] TestBase - closing browser
[INFO ] 2023-08-16 21:41:25.713 [main] TestBase - Chrome browser launched successfully
[INFO ] 2023-08-16 21:41:30.510 [main] TestBase - form file are success
[INFO ] 2023-08-16 21:41:31.947 [main] TestBase - Screenshot taken successfully
[INFO ] 2023-08-16 21:41:31.947 [main] TestBase - validate linktext success
[INFO ] 2023-08-16 21:41:32.178 [main] TestBase - closing browser
[DEBUG] 2023-08-16 21:42:06.328 [main] PackageRelationshipCollection - Parsing relationship: /xl/_rels/workbook.xml.rels
[DEBUG] 2023-08-16 21:42:06.337 [main] PackageRelationshipCollection - Parsing relationship: /xl/worksheets/_rels/sheet1.xml.rels
[DEBUG] 2023-08-16 21:42:06.340 [main] PackageRelationshipCollection - Parsing relationship: /_rels/.rels
[INFO ] 2023-08-16 21:42:09.851 [main] TestBase - Chrome browser launched successfully
[INFO ] 2023-08-16 21:42:19.146 [main] TestBase - form file are success
[INFO ] 2023-08-16 21:42:19.487 [main] TestBase - Screenshot taken successfully
[INFO ] 2023-08-16 21:42:19.487 [main] TestBase - validate form fill success
[INFO ] 2023-08-16 21:42:19.662 [main] TestBase - closing browser
[INFO ] 2023-08-16 21:42:21.775 [main] TestBase - Chrome browser launched successfully
[INFO ] 2023-08-16 21:42:32.552 [main] TestBase - form file are success
[INFO ] 2023-08-16 21:42:32.798 [main] TestBase - Screenshot taken successfully
[INFO ] 2023-08-16 21:42:32.798 [main] TestBase - validate form fill success
[INFO ] 2023-08-16 21:42:33.002 [main] TestBase - closing browser
[INFO ] 2023-08-16 21:42:34.950 [main] TestBase - Chrome browser launched successfully
[INFO ] 2023-08-16 21:42:44.435 [main] TestBase - form file are success
[INFO ] 2023-08-16 21:42:44.774 [main] TestBase - Screenshot taken successfully
[INFO ] 2023-08-16 21:42:44.775 [main] TestBase - validate form fill success
[INFO ] 2023-08-16 21:42:44.926 [main] TestBase - closing browser
[INFO ] 2023-08-16 21:42:47.081 [main] TestBase - Chrome browser launched successfully
[INFO ] 2023-08-16 21:42:56.932 [main] TestBase - form file are success
[INFO ] 2023-08-16 21:42:57.258 [main] TestBase - Screenshot taken successfully
[INFO ] 2023-08-16 21:42:57.258 [main] TestBase - validate form fill success
[INFO ] 2023-08-16 21:42:57.441 [main] TestBase - closing browser
[INFO ] 2023-08-16 21:43:00.281 [main] TestBase - Chrome browser launched successfully
[INFO ] 2023-08-16 21:43:05.356 [main] TestBase - form file are success
[INFO ] 2023-08-16 21:43:07.206 [main] TestBase - Screenshot taken successfully
[INFO ] 2023-08-16 21:43:07.206 [main] TestBase - validate linktext success
[INFO ] 2023-08-16 21:43:10.540 [main] TestBase - closing browser
[DEBUG] 2023-08-16 21:44:15.422 [main] PackageRelationshipCollection - Parsing relationship: /xl/_rels/workbook.xml.rels
[DEBUG] 2023-08-16 21:44:15.432 [main] PackageRelationshipCollection - Parsing relationship: /xl/worksheets/_rels/sheet1.xml.rels
[DEBUG] 2023-08-16 21:44:15.435 [main] PackageRelationshipCollection - Parsing relationship: /_rels/.rels
[INFO ] 2023-08-16 21:44:19.773 [main] TestBase - Chrome browser launched successfully
[INFO ] 2023-08-16 21:44:30.672 [main] TestBase - form file are success
[INFO ] 2023-08-16 21:44:30.985 [main] TestBase - Screenshot taken successfully
[INFO ] 2023-08-16 21:44:30.986 [main] TestBase - validate form fill success
[INFO ] 2023-08-16 21:44:31.148 [main] TestBase - closing browser
[INFO ] 2023-08-16 21:44:33.290 [main] TestBase - Chrome browser launched successfully
[INFO ] 2023-08-16 21:44:43.056 [main] TestBase - form file are success
[INFO ] 2023-08-16 21:44:43.349 [main] TestBase - Screenshot taken successfully
[INFO ] 2023-08-16 21:44:43.349 [main] TestBase - validate form fill success
[INFO ] 2023-08-16 21:44:43.530 [main] TestBase - closing browser
[INFO ] 2023-08-16 21:44:45.250 [main] TestBase - Chrome browser launched successfully
[INFO ] 2023-08-16 21:44:54.880 [main] TestBase - form file are success
[INFO ] 2023-08-16 21:44:55.125 [main] TestBase - Screenshot taken successfully
[INFO ] 2023-08-16 21:44:55.126 [main] TestBase - validate form fill success
[INFO ] 2023-08-16 21:44:55.313 [main] TestBase - closing browser
[INFO ] 2023-08-16 21:44:57.057 [main] TestBase - Chrome browser launched successfully
[INFO ] 2023-08-16 21:45:06.978 [main] TestBase - form file are success
[INFO ] 2023-08-16 21:45:07.238 [main] TestBase - Screenshot taken successfully
[INFO ] 2023-08-16 21:45:07.238 [main] TestBase - validate form fill success
[INFO ] 2023-08-16 21:45:07.414 [main] TestBase - closing browser
[INFO ] 2023-08-16 21:45:09.367 [main] TestBase - Chrome browser launched successfully
[INFO ] 2023-08-16 21:45:14.722 [main] TestBase - form file are success
[INFO ] 2023-08-16 21:45:16.272 [main] TestBase - Screenshot taken successfully
[INFO ] 2023-08-16 21:45:16.272 [main] TestBase - validate linktext success
[INFO ] 2023-08-16 21:45:16.529 [main] TestBase - closing browser
[DEBUG] 2023-08-16 21:47:29.818 [main] PackageRelationshipCollection - Parsing relationship: /xl/_rels/workbook.xml.rels
[DEBUG] 2023-08-16 21:47:29.830 [main] PackageRelationshipCollection - Parsing relationship: /xl/worksheets/_rels/sheet1.xml.rels
[DEBUG] 2023-08-16 21:47:29.833 [main] PackageRelationshipCollection - Parsing relationship: /_rels/.rels
[INFO ] 2023-08-16 21:47:34.266 [main] TestBase - Chrome browser launched successfully
[INFO ] 2023-08-16 21:47:43.611 [main] TestBase - form file are success
[INFO ] 2023-08-16 21:47:43.928 [main] TestBase - Screenshot taken successfully
[INFO ] 2023-08-16 21:47:43.928 [main] TestBase - validate form fill success
[INFO ] 2023-08-16 21:47:44.145 [main] TestBase - closing browser
[INFO ] 2023-08-16 21:47:46.469 [main] TestBase - Chrome browser launched successfully
[INFO ] 2023-08-16 21:47:55.965 [main] TestBase - form file are success
[INFO ] 2023-08-16 21:47:56.230 [main] TestBase - Screenshot taken successfully
[INFO ] 2023-08-16 21:47:56.230 [main] TestBase - validate form fill success
[INFO ] 2023-08-16 21:47:56.406 [main] TestBase - closing browser
[INFO ] 2023-08-16 21:47:58.387 [main] TestBase - Chrome browser launched successfully
[INFO ] 2023-08-16 21:48:07.742 [main] TestBase - form file are success
[INFO ] 2023-08-16 21:48:08.026 [main] TestBase - Screenshot taken successfully
[INFO ] 2023-08-16 21:48:08.027 [main] TestBase - validate form fill success
[INFO ] 2023-08-16 21:48:08.218 [main] TestBase - closing browser
[INFO ] 2023-08-16 21:48:10.563 [main] TestBase - Chrome browser launched successfully
[INFO ] 2023-08-16 21:48:20.144 [main] TestBase - form file are success
[INFO ] 2023-08-16 21:48:20.460 [main] TestBase - Screenshot taken successfully
[INFO ] 2023-08-16 21:48:20.461 [main] TestBase - validate form fill success
[INFO ] 2023-08-16 21:48:20.673 [main] TestBase - closing browser
[INFO ] 2023-08-16 21:48:22.534 [main] TestBase - Chrome browser launched successfully
[INFO ] 2023-08-16 21:48:27.502 [main] TestBase - form file are success
[INFO ] 2023-08-16 21:48:29.596 [main] TestBase - Screenshot taken successfully
[INFO ] 2023-08-16 21:48:29.596 [main] TestBase - validate linktext success
[INFO ] 2023-08-16 21:48:29.775 [main] TestBase - closing browser
[DEBUG] 2023-08-16 21:48:52.807 [main] PackageRelationshipCollection - Parsing relationship: /xl/_rels/workbook.xml.rels
[DEBUG] 2023-08-16 21:48:52.820 [main] PackageRelationshipCollection - Parsing relationship: /xl/worksheets/_rels/sheet1.xml.rels
[DEBUG] 2023-08-16 21:48:52.824 [main] PackageRelationshipCollection - Parsing relationship: /_rels/.rels
[INFO ] 2023-08-16 21:48:57.013 [main] TestBase - Chrome browser launched successfully
[INFO ] 2023-08-16 21:49:06.070 [main] TestBase - form file are success
[INFO ] 2023-08-16 21:49:06.351 [main] TestBase - Screenshot taken successfully
[INFO ] 2023-08-16 21:49:06.351 [main] TestBase - validate form fill success
[INFO ] 2023-08-16 21:49:06.554 [main] TestBase - closing browser
[INFO ] 2023-08-16 21:49:08.955 [main] TestBase - Chrome browser launched successfully
[INFO ] 2023-08-16 21:49:18.421 [main] TestBase - form file are success
[INFO ] 2023-08-16 21:49:18.685 [main] TestBase - Screenshot taken successfully
[INFO ] 2023-08-16 21:49:18.685 [main] TestBase - validate form fill success
[INFO ] 2023-08-16 21:49:18.869 [main] TestBase - closing browser
[INFO ] 2023-08-16 21:49:21.233 [main] TestBase - Chrome browser launched successfully
[INFO ] 2023-08-16 21:49:31.410 [main] TestBase - form file are success
[INFO ] 2023-08-16 21:49:31.733 [main] TestBase - Screenshot taken successfully
[INFO ] 2023-08-16 21:49:31.733 [main] TestBase - validate form fill success
[INFO ] 2023-08-16 21:49:31.946 [main] TestBase - closing browser
[INFO ] 2023-08-16 21:49:34.240 [main] TestBase - Chrome browser launched successfully
[INFO ] 2023-08-16 21:49:43.795 [main] TestBase - form file are success
[INFO ] 2023-08-16 21:49:44.061 [main] TestBase - Screenshot taken successfully
[INFO ] 2023-08-16 21:49:44.062 [main] TestBase - validate form fill success
[INFO ] 2023-08-16 21:49:44.232 [main] TestBase - closing browser
[INFO ] 2023-08-16 21:49:46.567 [main] TestBase - Chrome browser launched successfully
[INFO ] 2023-08-16 21:49:51.641 [main] TestBase - form file are success
[INFO ] 2023-08-16 21:49:53.688 [main] TestBase - Screenshot taken successfully
[INFO ] 2023-08-16 21:49:53.688 [main] TestBase - validate linktext success
[INFO ] 2023-08-16 21:49:53.873 [main] TestBase - closing browser
[DEBUG] 2023-08-16 22:01:43.860 [main] PackageRelationshipCollection - Parsing relationship: /xl/_rels/workbook.xml.rels
[DEBUG] 2023-08-16 22:01:43.864 [main] PackageRelationshipCollection - Parsing relationship: /xl/worksheets/_rels/sheet1.xml.rels
[DEBUG] 2023-08-16 22:01:43.865 [main] PackageRelationshipCollection - Parsing relationship: /_rels/.rels
[INFO ] 2023-08-16 22:01:46.181 [main] TestBase - Chrome browser launched successfully
[INFO ] 2023-08-16 22:01:55.328 [main] TestBase - form file are success
[INFO ] 2023-08-16 22:01:55.651 [main] TestBase - Screenshot taken successfully
[INFO ] 2023-08-16 22:01:55.651 [main] TestBase - validate form fill success
[INFO ] 2023-08-16 22:01:55.950 [main] TestBase - closing browser
[INFO ] 2023-08-16 22:01:58.276 [main] TestBase - Chrome browser launched successfully
[INFO ] 2023-08-16 22:02:07.677 [main] TestBase - form file are success
[INFO ] 2023-08-16 22:02:07.934 [main] TestBase - Screenshot taken successfully
[INFO ] 2023-08-16 22:02:07.934 [main] TestBase - validate form fill success
[INFO ] 2023-08-16 22:02:08.184 [main] TestBase - closing browser
[INFO ] 2023-08-16 22:02:10.870 [main] TestBase - Chrome browser launched successfully
[INFO ] 2023-08-16 22:02:19.967 [main] TestBase - form file are success
[INFO ] 2023-08-16 22:02:20.258 [main] TestBase - Screenshot taken successfully
[INFO ] 2023-08-16 22:02:20.258 [main] TestBase - validate form fill success
[INFO ] 2023-08-16 22:02:20.484 [main] TestBase - closing browser
[INFO ] 2023-08-16 22:02:23.037 [main] TestBase - Chrome browser launched successfully
[INFO ] 2023-08-16 22:02:32.803 [main] TestBase - form file are success
[INFO ] 2023-08-16 22:02:33.053 [main] TestBase - Screenshot taken successfully
[INFO ] 2023-08-16 22:02:33.054 [main] TestBase - validate form fill success
[INFO ] 2023-08-16 22:02:33.300 [main] TestBase - closing browser
[INFO ] 2023-08-16 22:02:35.246 [main] TestBase - Chrome browser launched successfully
[INFO ] 2023-08-16 22:02:39.857 [main] TestBase - form file are success
[INFO ] 2023-08-16 22:02:41.696 [main] TestBase - Screenshot taken successfully
[INFO ] 2023-08-16 22:02:41.697 [main] TestBase - validate linktext success
[INFO ] 2023-08-16 22:02:41.928 [main] TestBase - closing browser
[DEBUG] 2023-08-17 21:41:59.987 [main] PackageRelationshipCollection - Parsing relationship: /xl/_rels/workbook.xml.rels
[DEBUG] 2023-08-17 21:41:59.992 [main] PackageRelationshipCollection - Parsing relationship: /xl/worksheets/_rels/sheet1.xml.rels
[DEBUG] 2023-08-17 21:41:59.993 [main] PackageRelationshipCollection - Parsing relationship: /_rels/.rels
[INFO ] 2023-08-17 21:42:05.166 [main] TestBase - Chrome browser launched successfully
[INFO ] 2023-08-17 21:42:13.656 [main] TestBase - form file are success
[INFO ] 2023-08-17 21:42:13.863 [main] TestBase - Screenshot taken successfully
[INFO ] 2023-08-17 21:42:13.863 [main] TestBase - validate form fill success
[INFO ] 2023-08-17 21:42:14.085 [main] TestBase - closing browser
[INFO ] 2023-08-17 21:42:15.932 [main] TestBase - Chrome browser launched successfully
[INFO ] 2023-08-17 21:42:23.889 [main] TestBase - form file are success
[INFO ] 2023-08-17 21:42:24.013 [main] TestBase - Screenshot taken successfully
[INFO ] 2023-08-17 21:42:24.014 [main] TestBase - validate form fill success
[INFO ] 2023-08-17 21:42:24.111 [main] TestBase - closing browser
[INFO ] 2023-08-17 21:42:26.291 [main] TestBase - Chrome browser launched successfully
[INFO ] 2023-08-17 21:42:34.438 [main] TestBase - form file are success
[INFO ] 2023-08-17 21:42:34.626 [main] TestBase - Screenshot taken successfully
[INFO ] 2023-08-17 21:42:34.626 [main] TestBase - validate form fill success
[INFO ] 2023-08-17 21:42:34.788 [main] TestBase - closing browser
[INFO ] 2023-08-17 21:42:36.609 [main] TestBase - Chrome browser launched successfully
[INFO ] 2023-08-17 21:42:44.812 [main] TestBase - form file are success
[INFO ] 2023-08-17 21:42:45.053 [main] TestBase - Screenshot taken successfully
[INFO ] 2023-08-17 21:42:45.053 [main] TestBase - validate form fill success
[INFO ] 2023-08-17 21:42:45.266 [main] TestBase - closing browser
[INFO ] 2023-08-17 21:42:46.793 [main] TestBase - Chrome browser launched successfully
[INFO ] 2023-08-17 21:42:56.187 [main] TestBase - form file are success
[INFO ] 2023-08-17 21:42:56.579 [main] TestBase - Screenshot taken successfully
[INFO ] 2023-08-17 21:42:56.579 [main] TestBase - validate linktext success
[INFO ] 2023-08-17 21:42:56.801 [main] TestBase - closing browser
[DEBUG] 2023-08-17 21:47:12.683 [main] PackageRelationshipCollection - Parsing relationship: /xl/_rels/workbook.xml.rels
[DEBUG] 2023-08-17 21:47:12.696 [main] PackageRelationshipCollection - Parsing relationship: /xl/worksheets/_rels/sheet1.xml.rels
[DEBUG] 2023-08-17 21:47:12.701 [main] PackageRelationshipCollection - Parsing relationship: /_rels/.rels
[INFO ] 2023-08-17 21:47:16.799 [main] TestBase - Chrome browser launched successfully
[INFO ] 2023-08-17 21:47:26.524 [main] TestBase - form file are success
[INFO ] 2023-08-17 21:47:26.778 [main] TestBase - Screenshot taken successfully
[INFO ] 2023-08-17 21:47:26.778 [main] TestBase - validate form fill success
[INFO ] 2023-08-17 21:47:26.887 [main] TestBase - closing browser
[INFO ] 2023-08-17 21:47:28.913 [main] TestBase - Chrome browser launched successfully
[INFO ] 2023-08-17 21:47:37.693 [main] TestBase - form file are success
[INFO ] 2023-08-17 21:47:37.817 [main] TestBase - Screenshot taken successfully
[INFO ] 2023-08-17 21:47:37.817 [main] TestBase - validate form fill success
[INFO ] 2023-08-17 21:47:37.915 [main] TestBase - closing browser
[INFO ] 2023-08-17 21:47:40.082 [main] TestBase - Chrome browser launched successfully
[INFO ] 2023-08-17 21:47:50.467 [main] TestBase - form file are success
[INFO ] 2023-08-17 21:47:50.659 [main] TestBase - Screenshot taken successfully
[INFO ] 2023-08-17 21:47:50.659 [main] TestBase - validate form fill success
[INFO ] 2023-08-17 21:47:51.038 [main] TestBase - closing browser
[INFO ] 2023-08-17 21:47:52.782 [main] TestBase - Chrome browser launched successfully
[INFO ] 2023-08-17 21:48:01.332 [main] TestBase - form file are success
[INFO ] 2023-08-17 21:48:01.456 [main] TestBase - Screenshot taken successfully
[INFO ] 2023-08-17 21:48:01.458 [main] TestBase - validate form fill success
[INFO ] 2023-08-17 21:48:01.578 [main] TestBase - closing browser
[INFO ] 2023-08-17 21:48:03.994 [main] TestBase - Chrome browser launched successfully
[INFO ] 2023-08-17 21:48:12.948 [main] TestBase - form file are success
[INFO ] 2023-08-17 21:48:13.309 [main] TestBase - Screenshot taken successfully
[INFO ] 2023-08-17 21:48:13.309 [main] TestBase - validate linktext success
[INFO ] 2023-08-17 21:48:13.456 [main] TestBase - closing browser
[INFO ] 2023-08-17 21:48:15.820 [main] TestBase - Chrome browser launched successfully
[INFO ] 2023-08-17 21:48:20.220 [main] TestBase - Screenshot taken successfully
[INFO ] 2023-08-17 21:48:20.220 [main] TestBase - validate title of the page is success
[INFO ] 2023-08-17 21:48:20.309 [main] TestBase - closing browser
[DEBUG] 2023-08-17 21:49:23.128 [main] PackageRelationshipCollection - Parsing relationship: /xl/_rels/workbook.xml.rels
[DEBUG] 2023-08-17 21:49:23.133 [main] PackageRelationshipCollection - Parsing relationship: /xl/worksheets/_rels/sheet1.xml.rels
[DEBUG] 2023-08-17 21:49:23.135 [main] PackageRelationshipCollection - Parsing relationship: /_rels/.rels
[INFO ] 2023-08-17 21:49:27.234 [main] TestBase - Chrome browser launched successfully
[INFO ] 2023-08-17 21:49:36.970 [main] TestBase - form file are success
[INFO ] 2023-08-17 21:49:37.230 [main] TestBase - validate form fill success
[INFO ] 2023-08-17 21:49:37.388 [main] TestBase - closing browser
[INFO ] 2023-08-17 21:49:38.461 [main] TestBase - Chrome browser launched successfully
[INFO ] 2023-08-17 21:49:46.948 [main] TestBase - form file are success
[INFO ] 2023-08-17 21:49:47.378 [main] TestBase - validate form fill success
[INFO ] 2023-08-17 21:49:47.540 [main] TestBase - closing browser
[INFO ] 2023-08-17 21:49:48.496 [main] TestBase - Chrome browser launched successfully
[INFO ] 2023-08-17 21:49:57.065 [main] TestBase - form file are success
[INFO ] 2023-08-17 21:49:57.472 [main] TestBase - validate form fill success
[INFO ] 2023-08-17 21:49:57.650 [main] TestBase - closing browser
[INFO ] 2023-08-17 21:49:58.629 [main] TestBase - Chrome browser launched successfully
[INFO ] 2023-08-17 21:50:09.167 [main] TestBase - form file are success
[INFO ] 2023-08-17 21:50:09.655 [main] TestBase - validate form fill success
[INFO ] 2023-08-17 21:50:09.920 [main] TestBase - closing browser
[INFO ] 2023-08-17 21:50:11.118 [main] TestBase - Chrome browser launched successfully
[INFO ] 2023-08-17 21:50:21.965 [main] TestBase - form file are success
[INFO ] 2023-08-17 21:50:22.627 [main] TestBase - validate linktext success
[INFO ] 2023-08-17 21:50:22.817 [main] TestBase - closing browser
[INFO ] 2023-08-17 21:50:24.212 [main] TestBase - Chrome browser launched successfully
[INFO ] 2023-08-17 21:50:29.331 [main] TestBase - validate title of the page is success
[INFO ] 2023-08-17 21:50:29.649 [main] TestBase - closing browser
[INFO ] 2023-08-17 21:51:33.767 [main] TestBase - Chrome browser launched successfully
[INFO ] 2023-08-17 21:51:42.466 [main] TestBase - form file are success
[INFO ] 2023-08-17 21:51:43.044 [main] TestBase - validate linktext success
[INFO ] 2023-08-17 21:51:43.391 [main] TestBase - closing browser
[INFO ] 2023-08-17 21:51:44.882 [main] TestBase - Chrome browser launched successfully
[INFO ] 2023-08-17 21:51:51.036 [main] TestBase - validate title of the page is success
[INFO ] 2023-08-17 21:51:51.401 [main] TestBase - closing browser
[INFO ] 2023-08-17 21:53:07.785 [main] TestBase - Chrome browser launched successfully
[INFO ] 2023-08-17 21:53:12.155 [main] TestBase - validate title of the page is success
[INFO ] 2023-08-17 21:53:12.383 [main] TestBase - closing browser
[DEBUG] 2023-08-17 22:00:33.602 [main] PackageRelationshipCollection - Parsing relationship: /xl/_rels/workbook.xml.rels
[DEBUG] 2023-08-17 22:00:33.606 [main] PackageRelationshipCollection - Parsing relationship: /xl/worksheets/_rels/sheet1.xml.rels
[DEBUG] 2023-08-17 22:00:33.608 [main] PackageRelationshipCollection - Parsing relationship: /_rels/.rels
[INFO ] 2023-08-17 22:00:35.473 [main] TestBase - Chrome browser launched successfully
[INFO ] 2023-08-17 22:00:44.386 [main] TestBase - form file are success
[INFO ] 2023-08-17 22:00:44.739 [main] TestBase - Screenshot taken successfully
[INFO ] 2023-08-17 22:00:44.739 [main] TestBase - validate register page is success
[INFO ] 2023-08-17 22:00:45.081 [main] TestBase - closing browser
[INFO ] 2023-08-17 22:00:46.424 [main] TestBase - Chrome browser launched successfully
[DEBUG] 2023-08-17 22:01:34.300 [main] PackageRelationshipCollection - Parsing relationship: /xl/_rels/workbook.xml.rels
[DEBUG] 2023-08-17 22:01:34.309 [main] PackageRelationshipCollection - Parsing relationship: /xl/worksheets/_rels/sheet1.xml.rels
[DEBUG] 2023-08-17 22:01:34.313 [main] PackageRelationshipCollection - Parsing relationship: /_rels/.rels
[INFO ] 2023-08-17 22:01:38.846 [main] TestBase - Chrome browser launched successfully
[INFO ] 2023-08-17 22:01:47.627 [main] TestBase - form file are success
[INFO ] 2023-08-17 22:01:47.761 [main] TestBase - Screenshot taken successfully
[INFO ] 2023-08-17 22:01:47.761 [main] TestBase - validate register page is success
[INFO ] 2023-08-17 22:01:47.928 [main] TestBase - closing browser
[INFO ] 2023-08-17 22:01:49.896 [main] TestBase - Chrome browser launched successfully
[INFO ] 2023-08-17 22:01:58.623 [main] TestBase - form file are success
[INFO ] 2023-08-17 22:01:58.740 [main] TestBase - Screenshot taken successfully
[INFO ] 2023-08-17 22:01:58.740 [main] TestBase - validate register page is success
[INFO ] 2023-08-17 22:01:58.839 [main] TestBase - closing browser
[INFO ] 2023-08-17 22:02:00.935 [main] TestBase - Chrome browser launched successfully
[INFO ] 2023-08-17 22:02:10.283 [main] TestBase - form file are success
[INFO ] 2023-08-17 22:02:10.532 [main] TestBase - Screenshot taken successfully
[INFO ] 2023-08-17 22:02:10.532 [main] TestBase - validate register page is success
[INFO ] 2023-08-17 22:02:10.672 [main] TestBase - closing browser
[INFO ] 2023-08-17 22:02:12.115 [main] TestBase - Chrome browser launched successfully
[INFO ] 2023-08-17 22:02:20.469 [main] TestBase - form file are success
[INFO ] 2023-08-17 22:02:20.577 [main] TestBase - Screenshot taken successfully
[INFO ] 2023-08-17 22:02:20.577 [main] TestBase - validate register page is success
[INFO ] 2023-08-17 22:02:20.943 [main] TestBase - closing browser
